<?xml version="1.0" encoding="UTF-8"?>
<!-- Generated by org.testng.reporters.JUnitXMLReporter -->
<testsuite ignored="0" hostname="VarunPC" failures="1" tests="2" name="chromeTest" time="2.208" errors="0" timestamp="2024-11-06T10:13:32 IST">
  <testcase classname="com.epdom.genericlibrary.BaseTest" name="@AfterClass terminatebrowser" time="0.001">
    <failure type="java.lang.NullPointerException" message="Cannot invoke &amp;quot;org.openqa.selenium.WebDriver.quit()&amp;quot; because &amp;quot;this.driver&amp;quot; is null">
      <![CDATA[java.lang.NullPointerException: Cannot invoke "org.openqa.selenium.WebDriver.quit()" because "this.driver" is null
at com.epdom.webdriver.library.Webdriverutil.terminateBrowser(Webdriverutil.java:71)
at com.epdom.genericlibrary.BaseTest.terminatebrowser(BaseTest.java:87)
at java.base/java.util.ArrayList.forEach(ArrayList.java:1511)
... Removed 25 stack frames]]>
    </failure>
  </testcase> <!-- @AfterClass terminatebrowser -->
  <testcase classname="com.epdom.welcometest.Verifywelcometest" name="verifywelcomepagewithvalidinput" time="0.016">
    <failure type="java.lang.NullPointerException" message="Cannot invoke &amp;quot;org.openqa.selenium.WebDriver.manage()&amp;quot; because &amp;quot;this.driver&amp;quot; is null">
      <![CDATA[java.lang.NullPointerException: Cannot invoke "org.openqa.selenium.WebDriver.manage()" because "this.driver" is null
at com.epdom.webdriver.library.Webdriverutil.waitimplicitly(Webdriverutil.java:23)
at com.epdom.welcometest.Verifywelcometest.verifywelcomepagewithvalidinput(Verifywelcometest.java:36)
at java.base/java.util.ArrayList.forEach(ArrayList.java:1511)
... Removed 27 stack frames]]>
    </failure>
  </testcase> <!-- verifywelcomepagewithvalidinput -->
  <testcase classname="com.epdom.welcometest.Verifywelcometest" name="verifywelcomepagewithinvalidinputs" time="0.001">
    <skipped/>
  </testcase> <!-- verifywelcomepagewithinvalidinputs -->
</testsuite> <!-- chromeTest -->
