<?xml version="1.0" encoding="UTF-8"?>
<testng-results ignored="0" total="1" passed="1" failed="0" skipped="0">
  <reporter-output>
  </reporter-output>
  <suite started-at="2024-09-25T14:51:19 IST" name="Default suite" finished-at="2024-09-25T14:51:20 IST" duration-ms="569">
    <groups>
    </groups>
    <test started-at="2024-09-25T14:51:19 IST" name="Default test" finished-at="2024-09-25T14:51:20 IST" duration-ms="569">
      <class name="myproject.Excel">
        <test-method signature="ex()[pri:0, instance:myproject.Excel@59fd97a8]" started-at="2024-09-25T14:51:19 IST" name="ex" finished-at="2024-09-25T14:51:20 IST" duration-ms="542" status="PASS">
          <reporter-output>
          </reporter-output>
        </test-method> <!-- ex -->
      </class> <!-- myproject.Excel -->
    </test> <!-- Default test -->
  </suite> <!-- Default suite -->
</testng-results>
