<?xml version="1.0" encoding="UTF-8"?>
<!-- Generated by org.testng.reporters.JUnitXMLReporter -->
<testsuite ignored="0" hostname="VarunPC" failures="0" tests="12" name="chromeTest" time="0.234" errors="0" timestamp="2024-10-28T15:31:50 IST">
  <testcase classname="com.epdom.producttest.MensproductTest" name="addProduct" time="0.02"/>
  <testcase classname="com.epdom.producttest.MensproductTest" name="removeProduct" time="0.004"/>
  <testcase classname="com.epdom.producttest.MensproductTest" name="updateProduct" time="0.003"/>
  <testcase classname="com.epdom.producttest.KidsproductTest" name="addProduct" time="0.001"/>
  <testcase classname="com.epdom.producttest.KidsproductTest" name="removeProduct" time="0.009"/>
  <testcase classname="com.epdom.producttest.KidsproductTest" name="updateProduct" time="0.006"/>
  <testcase classname="com.epdom.producttest.ElectronicproductTest" name="addProduct" time="0.004"/>
  <testcase classname="com.epdom.producttest.ElectronicproductTest" name="removeProduct" time="0.004"/>
  <testcase classname="com.epdom.producttest.ElectronicproductTest" name="updateProduct" time="0.0"/>
  <testcase classname="com.epdom.producttest.WomensproductTest" name="addProduct" time="0.002"/>
  <testcase classname="com.epdom.producttest.WomensproductTest" name="removeProduct" time="0.0"/>
  <testcase classname="com.epdom.producttest.WomensproductTest" name="updateProduct" time="0.004"/>
</testsuite> <!-- chromeTest -->
