<?xml version="1.0" encoding="UTF-8"?>
<!-- Generated by org.testng.reporters.JUnitXMLReporter -->
<testsuite ignored="1" hostname="VarunPC" failures="0" tests="1" name=": SuccessfulLogin" time="3.944" errors="0" timestamp="2024-09-10T01:22:41 IST">
  <testcase classname="germanyisCalling.Logintest" name="validLoginPage" time="0.972"/>
  <testcase classname="germanyisCalling.Logintest" name="invalidLoginPage" time="0.0">
    <ignored/>
  </testcase> <!-- invalidLoginPage -->
</testsuite> <!-- : SuccessfulLogin -->
