<?xml version="1.0" encoding="UTF-8"?>
<!-- Generated by org.testng.reporters.JUnitXMLReporter -->
<testsuite ignored="1" hostname="VarunPC" failures="0" tests="1" name=": UnSuccessfulLogin" time="5.666" errors="0" timestamp="2024-09-10T01:22:47 IST">
  <testcase classname="germanyisCalling.Logintest" name="invalidLoginPage" time="2.754"/>
  <testcase classname="germanyisCalling.Logintest" name="validLoginPage" time="0.0">
    <ignored/>
  </testcase> <!-- validLoginPage -->
</testsuite> <!-- : UnSuccessfulLogin -->
